<?xml version="1.0" encoding="UTF-8"?>
<testsuite xmlns:xsi="http://www.w3.org/2001/XMLSchema-instance" xsi:noNamespaceSchemaLocation="https://maven.apache.org/surefire/maven-surefire-plugin/xsd/surefire-test-report.xsd" name="br.com.dio.restAssured.BookingTests" time="17.575" tests="4" errors="0" skipped="0" failures="0">
  <properties>
[...]
</properties>
  <testcase name="getBookingIds" classname="br.com.dio.restAssured.BookingTests" time="6.221"/>
  <testcase name="getAllBookingsByUserFirstName_BookingExists_returnOk" classname="br.com.dio.restAssured.BookingTests" time="4.204"/>
  <testcase name="getAllBookingsById_returnOk" classname="br.com.dio.restAssured.BookingTests" time="0.948"/>
  <testcase name="CreateBooking_WithValidData_returnOk" classname="br.com.dio.restAssured.BookingTests" time="2.923"/>
</testsuite>